<?xml version="1.0" encoding="UTF-8"?>
<!-- Generated by org.testng.reporters.JUnitReportReporter -->
<testsuite skipped="0" hostname="DESKTOP-V241QNB" name="testmaven.LoginTest" tests="2" failures="0" timestamp="2021-06-30T00:08:18 IST" time="2.946" errors="0">
  <testcase name="static_select_test" time="0.560" classname="testmaven.LoginTest"/>
  <system-out/>
  <testcase name="updated_dropdown_test" time="2.386" classname="testmaven.LoginTest"/>
  <system-out/>
</testsuite> <!-- testmaven.LoginTest -->
