<?xml version="1.0" encoding="UTF-8"?>
<!-- Generated by org.testng.reporters.JUnitReportReporter -->
<testsuite skipped="0" hostname="DESKTOP-V241QNB" name="testmaven.LoginTest" tests="2" failures="0" timestamp="2021-07-01T01:43:32 IST" time="2.580" errors="0">
  <testcase name="updated_dropdown_test" time="2.260" classname="testmaven.LoginTest"/>
  <system-out/>
  <testcase name="static_select_test" time="0.320" classname="testmaven.LoginTest"/>
  <system-out/>
</testsuite> <!-- testmaven.LoginTest -->
