<?xml version="1.0" encoding="UTF-8"?>
<!-- Generated by org.testng.reporters.JUnitReportReporter -->
<testsuite skipped="0" hostname="DESKTOP-V241QNB" name="testmaven.LoginTest" tests="3" failures="0" timestamp="2021-07-02T23:31:41 IST" time="4.727" errors="0">
  <testcase name="auto_suggest_dropdown_test" time="2.157" classname="testmaven.LoginTest"/>
  <system-out/>
  <testcase name="static_select_test" time="0.313" classname="testmaven.LoginTest"/>
  <system-out/>
  <testcase name="updated_dropdown_test" time="2.257" classname="testmaven.LoginTest"/>
  <system-out/>
</testsuite> <!-- testmaven.LoginTest -->
